<?xml version="1.0" encoding="UTF-8"?>
<!-- Generated by org.testng.reporters.JUnitXMLReporter -->
<testsuite ignored="2" hostname="ARJUN-PC" failures="0" tests="3" name="Test" time="10.098" errors="0" timestamp="2022-07-30T18:00:21 IST">
  <testcase classname="TestCases.TC1" name="userSelectTravelType" time="0.121"/>
  <testcase classname="TestCases.TC1" name="userSelectTravelDetails" time="0.999"/>
  <testcase classname="TestCases.TC2" name="verifyNavigationToAirIndiaPage" time="1.66"/>
  <testcase classname="base.BaseTest" name="@BeforeTest setup" time="0.0">
    <ignored/>
  </testcase> <!-- @BeforeTest setup -->
  <testcase classname="base.BaseTest" name="@AfterTest tearDown" time="0.0">
    <ignored/>
  </testcase> <!-- @AfterTest tearDown -->
</testsuite> <!-- Test -->
